
--- SDK Initialization Attempt [2026-02-05T09:34:21.882Z] ---
{
  "apiKey": "EXISTS",
  "secretKey": "EXISTS",
  "uri": "https://sandbox-api.iyzipay.com"
}

--- SDK Variable Type [2026-02-05T09:34:21.883Z] ---
{
  "type": "function",
  "keys": [
    "LOCALE",
    "PAYMENT_GROUP",
    "BASKET_ITEM_TYPE",
    "PAYMENT_CHANNEL",
    "SUB_MERCHANT_TYPE",
    "CURRENCY",
    "APM_TYPE",
    "REFUND_REASON",
    "PLAN_PAYMENT_TYPE",
    "SUBSCRIPTION_PRICING_PLAN_INTERVAL",
    "SUBSCRIPTION_UPGRADE_PERIOD",
    "SUBSCRIPTION_STATUS",
    "SUBSCRIPTION_INITIAL_STATUS"
  ],
  "hasDefault": false
}

--- SDK Initialization ERROR [2026-02-05T09:34:21.958Z] ---
{
  "message": "ENOENT: no such file or directory, scandir '/Users/emre/Downloads/dippol 2/dippol/dipol_backend/.next/dev/server/vendor-chunks/resources'",
  "stack": "Error: ENOENT: no such file or directory, scandir '/Users/emre/Downloads/dippol 2/dippol/dipol_backend/.next/dev/server/vendor-chunks/resources'\n    at Object.readdirSync (node:fs:1506:26)\n    at Iyzipay._initResources (webpack-internal:///(rsc)/./node_modules/iyzipay/lib/Iyzipay.js:31:8)\n    at new Iyzipay (webpack-internal:///(rsc)/./node_modules/iyzipay/lib/Iyzipay.js:25:10)\n    at getIyzipay (webpack-internal:///(rsc)/./lib/iyzipay.ts:52:27)\n    at initializePayment (webpack-internal:///(rsc)/./lib/iyzipay.ts:72:18)\n    at POST (webpack-internal:///(rsc)/./app/api/payment/initialize/route.ts:219:100)\n    at process.processTicksAndRejections (node:internal/process/task_queues:95:5)\n    at async AppRouteRouteModule.do (/Users/emre/Downloads/dippol 2/dippol/dipol_backend/node_modules/next/dist/compiled/next-server/app-route.runtime.dev.js:5:37866)\n    at async AppRouteRouteModule.handle (/Users/emre/Downloads/dippol 2/dippol/dipol_backend/node_modules/next/dist/compiled/next-server/app-route.runtime.dev.js:5:45156)\n    at async responseGenerator (webpack-internal:///(rsc)/./node_modules/next/dist/build/webpack/loaders/next-app-loader/index.js?name=app%2Fapi%2Fpayment%2Finitialize%2Froute&page=%2Fapi%2Fpayment%2Finitialize%2Froute&appPaths=&pagePath=private-next-app-dir%2Fapi%2Fpayment%2Finitialize%2Froute.ts&appDir=%2FUsers%2Femre%2FDownloads%2Fdippol%202%2Fdippol%2Fdipol_backend%2Fapp&pageExtensions=tsx&pageExtensions=ts&pageExtensions=jsx&pageExtensions=js&rootDir=%2FUsers%2Femre%2FDownloads%2Fdippol%202%2Fdippol%2Fdipol_backend&isDev=true&tsconfigPath=&basePath=&assetPrefix=&nextConfigOutput=&preferredRegion=&middlewareConfig=e30%3D&isGlobalNotFoundEnabled=!:230:38)\n    at async AppRouteRouteModule.handleResponse (/Users/emre/Downloads/dippol 2/dippol/dipol_backend/node_modules/next/dist/compiled/next-server/app-route.runtime.dev.js:1:187638)\n    at async handleResponse (webpack-internal:///(rsc)/./node_modules/next/dist/build/webpack/loaders/next-app-loader/index.js?name=app%2Fapi%2Fpayment%2Finitialize%2Froute&page=%2Fapi%2Fpayment%2Finitialize%2Froute&appPaths=&pagePath=private-next-app-dir%2Fapi%2Fpayment%2Finitialize%2Froute.ts&appDir=%2FUsers%2Femre%2FDownloads%2Fdippol%202%2Fdippol%2Fdipol_backend%2Fapp&pageExtensions=tsx&pageExtensions=ts&pageExtensions=jsx&pageExtensions=js&rootDir=%2FUsers%2Femre%2FDownloads%2Fdippol%202%2Fdippol%2Fdipol_backend&isDev=true&tsconfigPath=&basePath=&assetPrefix=&nextConfigOutput=&preferredRegion=&middlewareConfig=e30%3D&isGlobalNotFoundEnabled=!:293:32)\n    at async Module.handler (webpack-internal:///(rsc)/./node_modules/next/dist/build/webpack/loaders/next-app-loader/index.js?name=app%2Fapi%2Fpayment%2Finitialize%2Froute&page=%2Fapi%2Fpayment%2Finitialize%2Froute&appPaths=&pagePath=private-next-app-dir%2Fapi%2Fpayment%2Finitialize%2Froute.ts&appDir=%2FUsers%2Femre%2FDownloads%2Fdippol%202%2Fdippol%2Fdipol_backend%2Fapp&pageExtensions=tsx&pageExtensions=ts&pageExtensions=jsx&pageExtensions=js&rootDir=%2FUsers%2Femre%2FDownloads%2Fdippol%202%2Fdippol%2Fdipol_backend&isDev=true&tsconfigPath=&basePath=&assetPrefix=&nextConfigOutput=&preferredRegion=&middlewareConfig=e30%3D&isGlobalNotFoundEnabled=!:347:13)\n    at async DevServer.renderToResponseWithComponentsImpl (/Users/emre/Downloads/dippol 2/dippol/dipol_backend/node_modules/next/dist/server/base-server.js:1422:9)\n    at async DevServer.renderPageComponent (/Users/emre/Downloads/dippol 2/dippol/dipol_backend/node_modules/next/dist/server/base-server.js:1474:24)\n    at async DevServer.renderToResponseImpl (/Users/emre/Downloads/dippol 2/dippol/dipol_backend/node_modules/next/dist/server/base-server.js:1524:32)\n    at async DevServer.pipeImpl (/Users/emre/Downloads/dippol 2/dippol/dipol_backend/node_modules/next/dist/server/base-server.js:1018:25)\n    at async NextNodeServer.handleCatchallRenderRequest (/Users/emre/Downloads/dippol 2/dippol/dipol_backend/node_modules/next/dist/server/next-server.js:395:17)\n    at async DevServer.handleRequestImpl (/Users/emre/Downloads/dippol 2/dippol/dipol_backend/node_modules/next/dist/server/base-server.js:909:17)\n    at async /Users/emre/Downloads/dippol 2/dippol/dipol_backend/node_modules/next/dist/server/dev/next-dev-server.js:387:20\n    at async Span.traceAsyncFn (/Users/emre/Downloads/dippol 2/dippol/dipol_backend/node_modules/next/dist/trace/trace.js:157:20)\n    at async DevServer.handleRequest (/Users/emre/Downloads/dippol 2/dippol/dipol_backend/node_modules/next/dist/server/dev/next-dev-server.js:383:24)\n    at async invokeRender (/Users/emre/Downloads/dippol 2/dippol/dipol_backend/node_modules/next/dist/server/lib/router-server.js:248:21)\n    at async handleRequest (/Users/emre/Downloads/dippol 2/dippol/dipol_backend/node_modules/next/dist/server/lib/router-server.js:447:24)\n    at async requestHandlerImpl (/Users/emre/Downloads/dippol 2/dippol/dipol_backend/node_modules/next/dist/server/lib/router-server.js:496:13)\n    at async Server.requestListener (/Users/emre/Downloads/dippol 2/dippol/dipol_backend/node_modules/next/dist/server/lib/start-server.js:226:13)",
  "apiKeyLength": 32,
  "secretKeyLength": 32
}

--- SDK Initialization Attempt [2026-02-05T09:34:26.784Z] ---
{
  "apiKey": "EXISTS",
  "secretKey": "EXISTS",
  "uri": "https://sandbox-api.iyzipay.com"
}

--- SDK Variable Type [2026-02-05T09:34:26.785Z] ---
{
  "type": "function",
  "keys": [
    "LOCALE",
    "PAYMENT_GROUP",
    "BASKET_ITEM_TYPE",
    "PAYMENT_CHANNEL",
    "SUB_MERCHANT_TYPE",
    "CURRENCY",
    "APM_TYPE",
    "REFUND_REASON",
    "PLAN_PAYMENT_TYPE",
    "SUBSCRIPTION_PRICING_PLAN_INTERVAL",
    "SUBSCRIPTION_UPGRADE_PERIOD",
    "SUBSCRIPTION_STATUS",
    "SUBSCRIPTION_INITIAL_STATUS"
  ],
  "hasDefault": false
}

--- SDK Initialization ERROR [2026-02-05T09:34:26.864Z] ---
{
  "message": "ENOENT: no such file or directory, scandir '/Users/emre/Downloads/dippol 2/dippol/dipol_backend/.next/dev/server/vendor-chunks/resources'",
  "stack": "Error: ENOENT: no such file or directory, scandir '/Users/emre/Downloads/dippol 2/dippol/dipol_backend/.next/dev/server/vendor-chunks/resources'\n    at Object.readdirSync (node:fs:1506:26)\n    at Iyzipay._initResources (webpack-internal:///(rsc)/./node_modules/iyzipay/lib/Iyzipay.js:31:8)\n    at new Iyzipay (webpack-internal:///(rsc)/./node_modules/iyzipay/lib/Iyzipay.js:25:10)\n    at getIyzipay (webpack-internal:///(rsc)/./lib/iyzipay.ts:52:27)\n    at initializePayment (webpack-internal:///(rsc)/./lib/iyzipay.ts:72:18)\n    at POST (webpack-internal:///(rsc)/./app/api/payment/initialize/route.ts:219:100)\n    at process.processTicksAndRejections (node:internal/process/task_queues:95:5)\n    at async AppRouteRouteModule.do (/Users/emre/Downloads/dippol 2/dippol/dipol_backend/node_modules/next/dist/compiled/next-server/app-route.runtime.dev.js:5:37866)\n    at async AppRouteRouteModule.handle (/Users/emre/Downloads/dippol 2/dippol/dipol_backend/node_modules/next/dist/compiled/next-server/app-route.runtime.dev.js:5:45156)\n    at async responseGenerator (webpack-internal:///(rsc)/./node_modules/next/dist/build/webpack/loaders/next-app-loader/index.js?name=app%2Fapi%2Fpayment%2Finitialize%2Froute&page=%2Fapi%2Fpayment%2Finitialize%2Froute&appPaths=&pagePath=private-next-app-dir%2Fapi%2Fpayment%2Finitialize%2Froute.ts&appDir=%2FUsers%2Femre%2FDownloads%2Fdippol%202%2Fdippol%2Fdipol_backend%2Fapp&pageExtensions=tsx&pageExtensions=ts&pageExtensions=jsx&pageExtensions=js&rootDir=%2FUsers%2Femre%2FDownloads%2Fdippol%202%2Fdippol%2Fdipol_backend&isDev=true&tsconfigPath=&basePath=&assetPrefix=&nextConfigOutput=&preferredRegion=&middlewareConfig=e30%3D&isGlobalNotFoundEnabled=!:230:38)\n    at async AppRouteRouteModule.handleResponse (/Users/emre/Downloads/dippol 2/dippol/dipol_backend/node_modules/next/dist/compiled/next-server/app-route.runtime.dev.js:1:187638)\n    at async handleResponse (webpack-internal:///(rsc)/./node_modules/next/dist/build/webpack/loaders/next-app-loader/index.js?name=app%2Fapi%2Fpayment%2Finitialize%2Froute&page=%2Fapi%2Fpayment%2Finitialize%2Froute&appPaths=&pagePath=private-next-app-dir%2Fapi%2Fpayment%2Finitialize%2Froute.ts&appDir=%2FUsers%2Femre%2FDownloads%2Fdippol%202%2Fdippol%2Fdipol_backend%2Fapp&pageExtensions=tsx&pageExtensions=ts&pageExtensions=jsx&pageExtensions=js&rootDir=%2FUsers%2Femre%2FDownloads%2Fdippol%202%2Fdippol%2Fdipol_backend&isDev=true&tsconfigPath=&basePath=&assetPrefix=&nextConfigOutput=&preferredRegion=&middlewareConfig=e30%3D&isGlobalNotFoundEnabled=!:293:32)\n    at async Module.handler (webpack-internal:///(rsc)/./node_modules/next/dist/build/webpack/loaders/next-app-loader/index.js?name=app%2Fapi%2Fpayment%2Finitialize%2Froute&page=%2Fapi%2Fpayment%2Finitialize%2Froute&appPaths=&pagePath=private-next-app-dir%2Fapi%2Fpayment%2Finitialize%2Froute.ts&appDir=%2FUsers%2Femre%2FDownloads%2Fdippol%202%2Fdippol%2Fdipol_backend%2Fapp&pageExtensions=tsx&pageExtensions=ts&pageExtensions=jsx&pageExtensions=js&rootDir=%2FUsers%2Femre%2FDownloads%2Fdippol%202%2Fdippol%2Fdipol_backend&isDev=true&tsconfigPath=&basePath=&assetPrefix=&nextConfigOutput=&preferredRegion=&middlewareConfig=e30%3D&isGlobalNotFoundEnabled=!:347:13)\n    at async DevServer.renderToResponseWithComponentsImpl (/Users/emre/Downloads/dippol 2/dippol/dipol_backend/node_modules/next/dist/server/base-server.js:1422:9)\n    at async DevServer.renderPageComponent (/Users/emre/Downloads/dippol 2/dippol/dipol_backend/node_modules/next/dist/server/base-server.js:1474:24)\n    at async DevServer.renderToResponseImpl (/Users/emre/Downloads/dippol 2/dippol/dipol_backend/node_modules/next/dist/server/base-server.js:1524:32)\n    at async DevServer.pipeImpl (/Users/emre/Downloads/dippol 2/dippol/dipol_backend/node_modules/next/dist/server/base-server.js:1018:25)\n    at async NextNodeServer.handleCatchallRenderRequest (/Users/emre/Downloads/dippol 2/dippol/dipol_backend/node_modules/next/dist/server/next-server.js:395:17)\n    at async DevServer.handleRequestImpl (/Users/emre/Downloads/dippol 2/dippol/dipol_backend/node_modules/next/dist/server/base-server.js:909:17)\n    at async /Users/emre/Downloads/dippol 2/dippol/dipol_backend/node_modules/next/dist/server/dev/next-dev-server.js:387:20\n    at async Span.traceAsyncFn (/Users/emre/Downloads/dippol 2/dippol/dipol_backend/node_modules/next/dist/trace/trace.js:157:20)\n    at async DevServer.handleRequest (/Users/emre/Downloads/dippol 2/dippol/dipol_backend/node_modules/next/dist/server/dev/next-dev-server.js:383:24)\n    at async invokeRender (/Users/emre/Downloads/dippol 2/dippol/dipol_backend/node_modules/next/dist/server/lib/router-server.js:248:21)\n    at async handleRequest (/Users/emre/Downloads/dippol 2/dippol/dipol_backend/node_modules/next/dist/server/lib/router-server.js:447:24)\n    at async requestHandlerImpl (/Users/emre/Downloads/dippol 2/dippol/dipol_backend/node_modules/next/dist/server/lib/router-server.js:496:13)\n    at async Server.requestListener (/Users/emre/Downloads/dippol 2/dippol/dipol_backend/node_modules/next/dist/server/lib/start-server.js:226:13)",
  "apiKeyLength": 32,
  "secretKeyLength": 32
}

--- SDK Initialization Attempt [2026-02-05T09:35:25.447Z] ---
{
  "apiKey": "EXISTS",
  "secretKey": "EXISTS",
  "uri": "https://sandbox-api.iyzipay.com"
}

--- SDK Variable Type [2026-02-05T09:35:25.449Z] ---
{
  "type": "function",
  "keys": [
    "LOCALE",
    "PAYMENT_GROUP",
    "BASKET_ITEM_TYPE",
    "PAYMENT_CHANNEL",
    "SUB_MERCHANT_TYPE",
    "CURRENCY",
    "APM_TYPE",
    "REFUND_REASON",
    "PLAN_PAYMENT_TYPE",
    "SUBSCRIPTION_PRICING_PLAN_INTERVAL",
    "SUBSCRIPTION_UPGRADE_PERIOD",
    "SUBSCRIPTION_STATUS",
    "SUBSCRIPTION_INITIAL_STATUS"
  ],
  "hasDefault": false
}

--- SDK Initialization ERROR [2026-02-05T09:35:25.533Z] ---
{
  "message": "ENOENT: no such file or directory, scandir '/Users/emre/Downloads/dippol 2/dippol/dipol_backend/.next/dev/server/vendor-chunks/resources'",
  "stack": "Error: ENOENT: no such file or directory, scandir '/Users/emre/Downloads/dippol 2/dippol/dipol_backend/.next/dev/server/vendor-chunks/resources'\n    at Object.readdirSync (node:fs:1506:26)\n    at Iyzipay._initResources (webpack-internal:///(rsc)/./node_modules/iyzipay/lib/Iyzipay.js:31:8)\n    at new Iyzipay (webpack-internal:///(rsc)/./node_modules/iyzipay/lib/Iyzipay.js:25:10)\n    at getIyzipay (webpack-internal:///(rsc)/./lib/iyzipay.ts:52:27)\n    at initializePayment (webpack-internal:///(rsc)/./lib/iyzipay.ts:72:18)\n    at POST (webpack-internal:///(rsc)/./app/api/payment/initialize/route.ts:219:100)\n    at process.processTicksAndRejections (node:internal/process/task_queues:95:5)\n    at async AppRouteRouteModule.do (/Users/emre/Downloads/dippol 2/dippol/dipol_backend/node_modules/next/dist/compiled/next-server/app-route.runtime.dev.js:5:37866)\n    at async AppRouteRouteModule.handle (/Users/emre/Downloads/dippol 2/dippol/dipol_backend/node_modules/next/dist/compiled/next-server/app-route.runtime.dev.js:5:45156)\n    at async responseGenerator (webpack-internal:///(rsc)/./node_modules/next/dist/build/webpack/loaders/next-app-loader/index.js?name=app%2Fapi%2Fpayment%2Finitialize%2Froute&page=%2Fapi%2Fpayment%2Finitialize%2Froute&appPaths=&pagePath=private-next-app-dir%2Fapi%2Fpayment%2Finitialize%2Froute.ts&appDir=%2FUsers%2Femre%2FDownloads%2Fdippol%202%2Fdippol%2Fdipol_backend%2Fapp&pageExtensions=tsx&pageExtensions=ts&pageExtensions=jsx&pageExtensions=js&rootDir=%2FUsers%2Femre%2FDownloads%2Fdippol%202%2Fdippol%2Fdipol_backend&isDev=true&tsconfigPath=&basePath=&assetPrefix=&nextConfigOutput=&preferredRegion=&middlewareConfig=e30%3D&isGlobalNotFoundEnabled=!:230:38)\n    at async AppRouteRouteModule.handleResponse (/Users/emre/Downloads/dippol 2/dippol/dipol_backend/node_modules/next/dist/compiled/next-server/app-route.runtime.dev.js:1:187638)\n    at async handleResponse (webpack-internal:///(rsc)/./node_modules/next/dist/build/webpack/loaders/next-app-loader/index.js?name=app%2Fapi%2Fpayment%2Finitialize%2Froute&page=%2Fapi%2Fpayment%2Finitialize%2Froute&appPaths=&pagePath=private-next-app-dir%2Fapi%2Fpayment%2Finitialize%2Froute.ts&appDir=%2FUsers%2Femre%2FDownloads%2Fdippol%202%2Fdippol%2Fdipol_backend%2Fapp&pageExtensions=tsx&pageExtensions=ts&pageExtensions=jsx&pageExtensions=js&rootDir=%2FUsers%2Femre%2FDownloads%2Fdippol%202%2Fdippol%2Fdipol_backend&isDev=true&tsconfigPath=&basePath=&assetPrefix=&nextConfigOutput=&preferredRegion=&middlewareConfig=e30%3D&isGlobalNotFoundEnabled=!:293:32)\n    at async Module.handler (webpack-internal:///(rsc)/./node_modules/next/dist/build/webpack/loaders/next-app-loader/index.js?name=app%2Fapi%2Fpayment%2Finitialize%2Froute&page=%2Fapi%2Fpayment%2Finitialize%2Froute&appPaths=&pagePath=private-next-app-dir%2Fapi%2Fpayment%2Finitialize%2Froute.ts&appDir=%2FUsers%2Femre%2FDownloads%2Fdippol%202%2Fdippol%2Fdipol_backend%2Fapp&pageExtensions=tsx&pageExtensions=ts&pageExtensions=jsx&pageExtensions=js&rootDir=%2FUsers%2Femre%2FDownloads%2Fdippol%202%2Fdippol%2Fdipol_backend&isDev=true&tsconfigPath=&basePath=&assetPrefix=&nextConfigOutput=&preferredRegion=&middlewareConfig=e30%3D&isGlobalNotFoundEnabled=!:347:13)\n    at async DevServer.renderToResponseWithComponentsImpl (/Users/emre/Downloads/dippol 2/dippol/dipol_backend/node_modules/next/dist/server/base-server.js:1422:9)\n    at async DevServer.renderPageComponent (/Users/emre/Downloads/dippol 2/dippol/dipol_backend/node_modules/next/dist/server/base-server.js:1474:24)\n    at async DevServer.renderToResponseImpl (/Users/emre/Downloads/dippol 2/dippol/dipol_backend/node_modules/next/dist/server/base-server.js:1524:32)\n    at async DevServer.pipeImpl (/Users/emre/Downloads/dippol 2/dippol/dipol_backend/node_modules/next/dist/server/base-server.js:1018:25)\n    at async NextNodeServer.handleCatchallRenderRequest (/Users/emre/Downloads/dippol 2/dippol/dipol_backend/node_modules/next/dist/server/next-server.js:395:17)\n    at async DevServer.handleRequestImpl (/Users/emre/Downloads/dippol 2/dippol/dipol_backend/node_modules/next/dist/server/base-server.js:909:17)\n    at async /Users/emre/Downloads/dippol 2/dippol/dipol_backend/node_modules/next/dist/server/dev/next-dev-server.js:387:20\n    at async Span.traceAsyncFn (/Users/emre/Downloads/dippol 2/dippol/dipol_backend/node_modules/next/dist/trace/trace.js:157:20)\n    at async DevServer.handleRequest (/Users/emre/Downloads/dippol 2/dippol/dipol_backend/node_modules/next/dist/server/dev/next-dev-server.js:383:24)\n    at async invokeRender (/Users/emre/Downloads/dippol 2/dippol/dipol_backend/node_modules/next/dist/server/lib/router-server.js:248:21)\n    at async handleRequest (/Users/emre/Downloads/dippol 2/dippol/dipol_backend/node_modules/next/dist/server/lib/router-server.js:447:24)\n    at async requestHandlerImpl (/Users/emre/Downloads/dippol 2/dippol/dipol_backend/node_modules/next/dist/server/lib/router-server.js:496:13)\n    at async Server.requestListener (/Users/emre/Downloads/dippol 2/dippol/dipol_backend/node_modules/next/dist/server/lib/start-server.js:226:13)",
  "apiKeyLength": 32,
  "secretKeyLength": 32
}

--- SDK Initialization Attempt [2026-02-05T09:36:53.020Z] ---
{
  "apiKey": "EXISTS",
  "secretKey": "EXISTS",
  "uri": "https://sandbox-api.iyzipay.com"
}

--- Patching Iyzipay SDK [2026-02-05T09:36:53.022Z] ---
Applying absolute path patch for resources

--- Patching Failed [2026-02-05T09:36:53.023Z] ---
{
  "error": "Cannot find module '/Users/emre/Downloads/dippol 2/dippol/dipol_backend/node_modules/iyzipay/lib/resources/ApiTest.js'",
  "path": "/Users/emre/Downloads/dippol 2/dippol/dipol_backend/node_modules/iyzipay/lib/resources"
}

--- SDK Initialization ERROR [2026-02-05T09:36:53.099Z] ---
{
  "message": "Cannot find module '/Users/emre/Downloads/dippol 2/dippol/dipol_backend/node_modules/iyzipay/lib/resources/ApiTest.js'",
  "stack": "Error: Cannot find module '/Users/emre/Downloads/dippol 2/dippol/dipol_backend/node_modules/iyzipay/lib/resources/ApiTest.js'\n    at webpackEmptyContext (/Users/emre/Downloads/dippol 2/dippol/dipol_backend/.next/dev/server/app/api/payment/initialize/route.js:33:10)\n    at eval (webpack-internal:///(rsc)/./lib/iyzipay.ts:49:87)\n    at Array.forEach (<anonymous>)\n    at IyzipayConstructor._initResources (webpack-internal:///(rsc)/./lib/iyzipay.ts:47:19)\n    at new Iyzipay (webpack-internal:///(rsc)/./node_modules/iyzipay/lib/Iyzipay.js:25:10)\n    at getIyzipay (webpack-internal:///(rsc)/./lib/iyzipay.ts:86:27)\n    at initializePayment (webpack-internal:///(rsc)/./lib/iyzipay.ts:106:18)\n    at POST (webpack-internal:///(rsc)/./app/api/payment/initialize/route.ts:219:100)\n    at process.processTicksAndRejections (node:internal/process/task_queues:95:5)\n    at async AppRouteRouteModule.do (/Users/emre/Downloads/dippol 2/dippol/dipol_backend/node_modules/next/dist/compiled/next-server/app-route.runtime.dev.js:5:37866)\n    at async AppRouteRouteModule.handle (/Users/emre/Downloads/dippol 2/dippol/dipol_backend/node_modules/next/dist/compiled/next-server/app-route.runtime.dev.js:5:45156)\n    at async responseGenerator (webpack-internal:///(rsc)/./node_modules/next/dist/build/webpack/loaders/next-app-loader/index.js?name=app%2Fapi%2Fpayment%2Finitialize%2Froute&page=%2Fapi%2Fpayment%2Finitialize%2Froute&appPaths=&pagePath=private-next-app-dir%2Fapi%2Fpayment%2Finitialize%2Froute.ts&appDir=%2FUsers%2Femre%2FDownloads%2Fdippol%202%2Fdippol%2Fdipol_backend%2Fapp&pageExtensions=tsx&pageExtensions=ts&pageExtensions=jsx&pageExtensions=js&rootDir=%2FUsers%2Femre%2FDownloads%2Fdippol%202%2Fdippol%2Fdipol_backend&isDev=true&tsconfigPath=&basePath=&assetPrefix=&nextConfigOutput=&preferredRegion=&middlewareConfig=e30%3D&isGlobalNotFoundEnabled=!:230:38)\n    at async AppRouteRouteModule.handleResponse (/Users/emre/Downloads/dippol 2/dippol/dipol_backend/node_modules/next/dist/compiled/next-server/app-route.runtime.dev.js:1:187638)\n    at async handleResponse (webpack-internal:///(rsc)/./node_modules/next/dist/build/webpack/loaders/next-app-loader/index.js?name=app%2Fapi%2Fpayment%2Finitialize%2Froute&page=%2Fapi%2Fpayment%2Finitialize%2Froute&appPaths=&pagePath=private-next-app-dir%2Fapi%2Fpayment%2Finitialize%2Froute.ts&appDir=%2FUsers%2Femre%2FDownloads%2Fdippol%202%2Fdippol%2Fdipol_backend%2Fapp&pageExtensions=tsx&pageExtensions=ts&pageExtensions=jsx&pageExtensions=js&rootDir=%2FUsers%2Femre%2FDownloads%2Fdippol%202%2Fdippol%2Fdipol_backend&isDev=true&tsconfigPath=&basePath=&assetPrefix=&nextConfigOutput=&preferredRegion=&middlewareConfig=e30%3D&isGlobalNotFoundEnabled=!:293:32)\n    at async Module.handler (webpack-internal:///(rsc)/./node_modules/next/dist/build/webpack/loaders/next-app-loader/index.js?name=app%2Fapi%2Fpayment%2Finitialize%2Froute&page=%2Fapi%2Fpayment%2Finitialize%2Froute&appPaths=&pagePath=private-next-app-dir%2Fapi%2Fpayment%2Finitialize%2Froute.ts&appDir=%2FUsers%2Femre%2FDownloads%2Fdippol%202%2Fdippol%2Fdipol_backend%2Fapp&pageExtensions=tsx&pageExtensions=ts&pageExtensions=jsx&pageExtensions=js&rootDir=%2FUsers%2Femre%2FDownloads%2Fdippol%202%2Fdippol%2Fdipol_backend&isDev=true&tsconfigPath=&basePath=&assetPrefix=&nextConfigOutput=&preferredRegion=&middlewareConfig=e30%3D&isGlobalNotFoundEnabled=!:347:13)\n    at async DevServer.renderToResponseWithComponentsImpl (/Users/emre/Downloads/dippol 2/dippol/dipol_backend/node_modules/next/dist/server/base-server.js:1422:9)\n    at async DevServer.renderPageComponent (/Users/emre/Downloads/dippol 2/dippol/dipol_backend/node_modules/next/dist/server/base-server.js:1474:24)\n    at async DevServer.renderToResponseImpl (/Users/emre/Downloads/dippol 2/dippol/dipol_backend/node_modules/next/dist/server/base-server.js:1524:32)\n    at async DevServer.pipeImpl (/Users/emre/Downloads/dippol 2/dippol/dipol_backend/node_modules/next/dist/server/base-server.js:1018:25)\n    at async NextNodeServer.handleCatchallRenderRequest (/Users/emre/Downloads/dippol 2/dippol/dipol_backend/node_modules/next/dist/server/next-server.js:395:17)\n    at async DevServer.handleRequestImpl (/Users/emre/Downloads/dippol 2/dippol/dipol_backend/node_modules/next/dist/server/base-server.js:909:17)\n    at async /Users/emre/Downloads/dippol 2/dippol/dipol_backend/node_modules/next/dist/server/dev/next-dev-server.js:387:20\n    at async Span.traceAsyncFn (/Users/emre/Downloads/dippol 2/dippol/dipol_backend/node_modules/next/dist/trace/trace.js:157:20)\n    at async DevServer.handleRequest (/Users/emre/Downloads/dippol 2/dippol/dipol_backend/node_modules/next/dist/server/dev/next-dev-server.js:383:24)\n    at async invokeRender (/Users/emre/Downloads/dippol 2/dippol/dipol_backend/node_modules/next/dist/server/lib/router-server.js:248:21)\n    at async handleRequest (/Users/emre/Downloads/dippol 2/dippol/dipol_backend/node_modules/next/dist/server/lib/router-server.js:447:24)\n    at async requestHandlerImpl (/Users/emre/Downloads/dippol 2/dippol/dipol_backend/node_modules/next/dist/server/lib/router-server.js:496:13)\n    at async Server.requestListener (/Users/emre/Downloads/dippol 2/dippol/dipol_backend/node_modules/next/dist/server/lib/start-server.js:226:13)",
  "apiKeyLength": 32,
  "secretKeyLength": 32
}

--- SDK Initialization Attempt [2026-02-05T09:37:01.612Z] ---
{
  "apiKey": "EXISTS",
  "secretKey": "EXISTS",
  "uri": "https://sandbox-api.iyzipay.com"
}

--- Patching Failed [2026-02-05T09:37:01.614Z] ---
{
  "error": "Cannot find module '/Users/emre/Downloads/dippol 2/dippol/dipol_backend/node_modules/iyzipay/lib/resources/ApiTest.js'",
  "path": "/Users/emre/Downloads/dippol 2/dippol/dipol_backend/node_modules/iyzipay/lib/resources"
}

--- SDK Initialization ERROR [2026-02-05T09:37:01.691Z] ---
{
  "message": "Cannot find module '/Users/emre/Downloads/dippol 2/dippol/dipol_backend/node_modules/iyzipay/lib/resources/ApiTest.js'",
  "stack": "Error: Cannot find module '/Users/emre/Downloads/dippol 2/dippol/dipol_backend/node_modules/iyzipay/lib/resources/ApiTest.js'\n    at webpackEmptyContext (/Users/emre/Downloads/dippol 2/dippol/dipol_backend/.next/dev/server/app/api/payment/initialize/route.js:33:10)\n    at eval (webpack-internal:///(rsc)/./lib/iyzipay.ts:49:87)\n    at Array.forEach (<anonymous>)\n    at IyzipayConstructor._initResources (webpack-internal:///(rsc)/./lib/iyzipay.ts:47:19)\n    at new Iyzipay (webpack-internal:///(rsc)/./node_modules/iyzipay/lib/Iyzipay.js:25:10)\n    at getIyzipay (webpack-internal:///(rsc)/./lib/iyzipay.ts:86:27)\n    at initializePayment (webpack-internal:///(rsc)/./lib/iyzipay.ts:106:18)\n    at POST (webpack-internal:///(rsc)/./app/api/payment/initialize/route.ts:219:100)\n    at process.processTicksAndRejections (node:internal/process/task_queues:95:5)\n    at async AppRouteRouteModule.do (/Users/emre/Downloads/dippol 2/dippol/dipol_backend/node_modules/next/dist/compiled/next-server/app-route.runtime.dev.js:5:37866)\n    at async AppRouteRouteModule.handle (/Users/emre/Downloads/dippol 2/dippol/dipol_backend/node_modules/next/dist/compiled/next-server/app-route.runtime.dev.js:5:45156)\n    at async responseGenerator (webpack-internal:///(rsc)/./node_modules/next/dist/build/webpack/loaders/next-app-loader/index.js?name=app%2Fapi%2Fpayment%2Finitialize%2Froute&page=%2Fapi%2Fpayment%2Finitialize%2Froute&appPaths=&pagePath=private-next-app-dir%2Fapi%2Fpayment%2Finitialize%2Froute.ts&appDir=%2FUsers%2Femre%2FDownloads%2Fdippol%202%2Fdippol%2Fdipol_backend%2Fapp&pageExtensions=tsx&pageExtensions=ts&pageExtensions=jsx&pageExtensions=js&rootDir=%2FUsers%2Femre%2FDownloads%2Fdippol%202%2Fdippol%2Fdipol_backend&isDev=true&tsconfigPath=&basePath=&assetPrefix=&nextConfigOutput=&preferredRegion=&middlewareConfig=e30%3D&isGlobalNotFoundEnabled=!:230:38)\n    at async AppRouteRouteModule.handleResponse (/Users/emre/Downloads/dippol 2/dippol/dipol_backend/node_modules/next/dist/compiled/next-server/app-route.runtime.dev.js:1:187638)\n    at async handleResponse (webpack-internal:///(rsc)/./node_modules/next/dist/build/webpack/loaders/next-app-loader/index.js?name=app%2Fapi%2Fpayment%2Finitialize%2Froute&page=%2Fapi%2Fpayment%2Finitialize%2Froute&appPaths=&pagePath=private-next-app-dir%2Fapi%2Fpayment%2Finitialize%2Froute.ts&appDir=%2FUsers%2Femre%2FDownloads%2Fdippol%202%2Fdippol%2Fdipol_backend%2Fapp&pageExtensions=tsx&pageExtensions=ts&pageExtensions=jsx&pageExtensions=js&rootDir=%2FUsers%2Femre%2FDownloads%2Fdippol%202%2Fdippol%2Fdipol_backend&isDev=true&tsconfigPath=&basePath=&assetPrefix=&nextConfigOutput=&preferredRegion=&middlewareConfig=e30%3D&isGlobalNotFoundEnabled=!:293:32)\n    at async Module.handler (webpack-internal:///(rsc)/./node_modules/next/dist/build/webpack/loaders/next-app-loader/index.js?name=app%2Fapi%2Fpayment%2Finitialize%2Froute&page=%2Fapi%2Fpayment%2Finitialize%2Froute&appPaths=&pagePath=private-next-app-dir%2Fapi%2Fpayment%2Finitialize%2Froute.ts&appDir=%2FUsers%2Femre%2FDownloads%2Fdippol%202%2Fdippol%2Fdipol_backend%2Fapp&pageExtensions=tsx&pageExtensions=ts&pageExtensions=jsx&pageExtensions=js&rootDir=%2FUsers%2Femre%2FDownloads%2Fdippol%202%2Fdippol%2Fdipol_backend&isDev=true&tsconfigPath=&basePath=&assetPrefix=&nextConfigOutput=&preferredRegion=&middlewareConfig=e30%3D&isGlobalNotFoundEnabled=!:347:13)\n    at async DevServer.renderToResponseWithComponentsImpl (/Users/emre/Downloads/dippol 2/dippol/dipol_backend/node_modules/next/dist/server/base-server.js:1422:9)\n    at async DevServer.renderPageComponent (/Users/emre/Downloads/dippol 2/dippol/dipol_backend/node_modules/next/dist/server/base-server.js:1474:24)\n    at async DevServer.renderToResponseImpl (/Users/emre/Downloads/dippol 2/dippol/dipol_backend/node_modules/next/dist/server/base-server.js:1524:32)\n    at async DevServer.pipeImpl (/Users/emre/Downloads/dippol 2/dippol/dipol_backend/node_modules/next/dist/server/base-server.js:1018:25)\n    at async NextNodeServer.handleCatchallRenderRequest (/Users/emre/Downloads/dippol 2/dippol/dipol_backend/node_modules/next/dist/server/next-server.js:395:17)\n    at async DevServer.handleRequestImpl (/Users/emre/Downloads/dippol 2/dippol/dipol_backend/node_modules/next/dist/server/base-server.js:909:17)\n    at async /Users/emre/Downloads/dippol 2/dippol/dipol_backend/node_modules/next/dist/server/dev/next-dev-server.js:387:20\n    at async Span.traceAsyncFn (/Users/emre/Downloads/dippol 2/dippol/dipol_backend/node_modules/next/dist/trace/trace.js:157:20)\n    at async DevServer.handleRequest (/Users/emre/Downloads/dippol 2/dippol/dipol_backend/node_modules/next/dist/server/dev/next-dev-server.js:383:24)\n    at async invokeRender (/Users/emre/Downloads/dippol 2/dippol/dipol_backend/node_modules/next/dist/server/lib/router-server.js:248:21)\n    at async handleRequest (/Users/emre/Downloads/dippol 2/dippol/dipol_backend/node_modules/next/dist/server/lib/router-server.js:447:24)\n    at async requestHandlerImpl (/Users/emre/Downloads/dippol 2/dippol/dipol_backend/node_modules/next/dist/server/lib/router-server.js:496:13)\n    at async Server.requestListener (/Users/emre/Downloads/dippol 2/dippol/dipol_backend/node_modules/next/dist/server/lib/start-server.js:226:13)",
  "apiKeyLength": 32,
  "secretKeyLength": 32
}

--- SDK Initialization Attempt [2026-02-05T09:38:40.324Z] ---
{
  "apiKey": "EXISTS",
  "secretKey": "EXISTS",
  "uri": "https://sandbox-api.iyzipay.com"
}

--- Patching Iyzipay SDK [2026-02-05T09:38:40.324Z] ---
Applying absolute path patch for resources with eval(require)

--- Patching Failed [2026-02-05T09:38:40.367Z] ---
{
  "error": "Cannot find module 'aws4'\nRequire stack:\n- /Users/emre/Downloads/dippol 2/dippol/dipol_backend/node_modules/postman-request/request.js\n- /Users/emre/Downloads/dippol 2/dippol/dipol_backend/node_modules/postman-request/index.js\n- /Users/emre/Downloads/dippol 2/dippol/dipol_backend/node_modules/iyzipay/lib/IyzipayResource.js\n- /Users/emre/Downloads/dippol 2/dippol/dipol_backend/node_modules/iyzipay/lib/resources/ApiTest.js\n- /Users/emre/Downloads/dippol 2/dippol/dipol_backend/.next/dev/server/app/api/payment/initialize/route.js\n- /Users/emre/Downloads/dippol 2/dippol/dipol_backend/node_modules/next/dist/server/require.js\n- /Users/emre/Downloads/dippol 2/dippol/dipol_backend/node_modules/next/dist/server/load-components.js\n- /Users/emre/Downloads/dippol 2/dippol/dipol_backend/node_modules/next/dist/build/utils.js\n- /Users/emre/Downloads/dippol 2/dippol/dipol_backend/node_modules/next/dist/build/swc/options.js\n- /Users/emre/Downloads/dippol 2/dippol/dipol_backend/node_modules/next/dist/build/swc/index.js\n- /Users/emre/Downloads/dippol 2/dippol/dipol_backend/node_modules/next/dist/build/next-config-ts/transpile-config.js\n- /Users/emre/Downloads/dippol 2/dippol/dipol_backend/node_modules/next/dist/server/config.js\n- /Users/emre/Downloads/dippol 2/dippol/dipol_backend/node_modules/next/dist/server/next.js\n- /Users/emre/Downloads/dippol 2/dippol/dipol_backend/node_modules/next/dist/server/lib/start-server.js",
  "path": "/Users/emre/Downloads/dippol 2/dippol/dipol_backend/node_modules/iyzipay/lib/resources"
}

--- SDK Initialization ERROR [2026-02-05T09:38:40.402Z] ---
{
  "message": "Cannot find module 'aws4'\nRequire stack:\n- /Users/emre/Downloads/dippol 2/dippol/dipol_backend/node_modules/postman-request/request.js\n- /Users/emre/Downloads/dippol 2/dippol/dipol_backend/node_modules/postman-request/index.js\n- /Users/emre/Downloads/dippol 2/dippol/dipol_backend/node_modules/iyzipay/lib/IyzipayResource.js\n- /Users/emre/Downloads/dippol 2/dippol/dipol_backend/node_modules/iyzipay/lib/resources/ApiTest.js\n- /Users/emre/Downloads/dippol 2/dippol/dipol_backend/.next/dev/server/app/api/payment/initialize/route.js\n- /Users/emre/Downloads/dippol 2/dippol/dipol_backend/node_modules/next/dist/server/require.js\n- /Users/emre/Downloads/dippol 2/dippol/dipol_backend/node_modules/next/dist/server/load-components.js\n- /Users/emre/Downloads/dippol 2/dippol/dipol_backend/node_modules/next/dist/build/utils.js\n- /Users/emre/Downloads/dippol 2/dippol/dipol_backend/node_modules/next/dist/build/swc/options.js\n- /Users/emre/Downloads/dippol 2/dippol/dipol_backend/node_modules/next/dist/build/swc/index.js\n- /Users/emre/Downloads/dippol 2/dippol/dipol_backend/node_modules/next/dist/build/next-config-ts/transpile-config.js\n- /Users/emre/Downloads/dippol 2/dippol/dipol_backend/node_modules/next/dist/server/config.js\n- /Users/emre/Downloads/dippol 2/dippol/dipol_backend/node_modules/next/dist/server/next.js\n- /Users/emre/Downloads/dippol 2/dippol/dipol_backend/node_modules/next/dist/server/lib/start-server.js",
  "stack": "Error: Cannot find module 'aws4'\nRequire stack:\n- /Users/emre/Downloads/dippol 2/dippol/dipol_backend/node_modules/postman-request/request.js\n- /Users/emre/Downloads/dippol 2/dippol/dipol_backend/node_modules/postman-request/index.js\n- /Users/emre/Downloads/dippol 2/dippol/dipol_backend/node_modules/iyzipay/lib/IyzipayResource.js\n- /Users/emre/Downloads/dippol 2/dippol/dipol_backend/node_modules/iyzipay/lib/resources/ApiTest.js\n- /Users/emre/Downloads/dippol 2/dippol/dipol_backend/.next/dev/server/app/api/payment/initialize/route.js\n- /Users/emre/Downloads/dippol 2/dippol/dipol_backend/node_modules/next/dist/server/require.js\n- /Users/emre/Downloads/dippol 2/dippol/dipol_backend/node_modules/next/dist/server/load-components.js\n- /Users/emre/Downloads/dippol 2/dippol/dipol_backend/node_modules/next/dist/build/utils.js\n- /Users/emre/Downloads/dippol 2/dippol/dipol_backend/node_modules/next/dist/build/swc/options.js\n- /Users/emre/Downloads/dippol 2/dippol/dipol_backend/node_modules/next/dist/build/swc/index.js\n- /Users/emre/Downloads/dippol 2/dippol/dipol_backend/node_modules/next/dist/build/next-config-ts/transpile-config.js\n- /Users/emre/Downloads/dippol 2/dippol/dipol_backend/node_modules/next/dist/server/config.js\n- /Users/emre/Downloads/dippol 2/dippol/dipol_backend/node_modules/next/dist/server/next.js\n- /Users/emre/Downloads/dippol 2/dippol/dipol_backend/node_modules/next/dist/server/lib/start-server.js\n    at Module._resolveFilename (node:internal/modules/cjs/loader:1225:15)\n    at /Users/emre/Downloads/dippol 2/dippol/dipol_backend/node_modules/next/dist/server/require-hook.js:57:36\n    at Module._load (node:internal/modules/cjs/loader:1051:27)\n    at Module.require (node:internal/modules/cjs/loader:1311:19)\n    at mod.require (/Users/emre/Downloads/dippol 2/dippol/dipol_backend/node_modules/next/dist/server/require-hook.js:68:28)\n    at require (node:internal/modules/helpers:179:18)\n    at Object.<anonymous> (/Users/emre/Downloads/dippol 2/dippol/dipol_backend/node_modules/postman-request/request.js:15:12)\n    at Module._compile (node:internal/modules/cjs/loader:1469:14)\n    at Module._extensions..js (node:internal/modules/cjs/loader:1548:10)\n    at Module.load (node:internal/modules/cjs/loader:1288:32)\n    at Module._load (node:internal/modules/cjs/loader:1104:12)\n    at Module.require (node:internal/modules/cjs/loader:1311:19)\n    at mod.require (/Users/emre/Downloads/dippol 2/dippol/dipol_backend/node_modules/next/dist/server/require-hook.js:68:28)\n    at require (node:internal/modules/helpers:179:18)\n    at Object.<anonymous> (/Users/emre/Downloads/dippol 2/dippol/dipol_backend/node_modules/postman-request/index.js:154:19)\n    at Module._compile (node:internal/modules/cjs/loader:1469:14)\n    at Module._extensions..js (node:internal/modules/cjs/loader:1548:10)\n    at Module.load (node:internal/modules/cjs/loader:1288:32)\n    at Module._load (node:internal/modules/cjs/loader:1104:12)\n    at Module.require (node:internal/modules/cjs/loader:1311:19)\n    at mod.require (/Users/emre/Downloads/dippol 2/dippol/dipol_backend/node_modules/next/dist/server/require-hook.js:68:28)\n    at require (node:internal/modules/helpers:179:18)\n    at Object.<anonymous> (/Users/emre/Downloads/dippol 2/dippol/dipol_backend/node_modules/iyzipay/lib/IyzipayResource.js:3:17)\n    at Module._compile (node:internal/modules/cjs/loader:1469:14)\n    at Module._extensions..js (node:internal/modules/cjs/loader:1548:10)\n    at Module.load (node:internal/modules/cjs/loader:1288:32)\n    at Module._load (node:internal/modules/cjs/loader:1104:12)\n    at Module.require (node:internal/modules/cjs/loader:1311:19)\n    at mod.require (/Users/emre/Downloads/dippol 2/dippol/dipol_backend/node_modules/next/dist/server/require-hook.js:68:28)\n    at require (node:internal/modules/helpers:179:18)\n    at Object.<anonymous> (/Users/emre/Downloads/dippol 2/dippol/dipol_backend/node_modules/iyzipay/lib/resources/ApiTest.js:3:23)\n    at Module._compile (node:internal/modules/cjs/loader:1469:14)\n    at Module._extensions..js (node:internal/modules/cjs/loader:1548:10)\n    at Module.load (node:internal/modules/cjs/loader:1288:32)\n    at Module._load (node:internal/modules/cjs/loader:1104:12)\n    at Module.require (node:internal/modules/cjs/loader:1311:19)\n    at mod.require (/Users/emre/Downloads/dippol 2/dippol/dipol_backend/node_modules/next/dist/server/require-hook.js:68:28)\n    at require (node:internal/modules/helpers:179:18)\n    at eval (webpack-internal:///(rsc)/./lib/iyzipay.ts:52:38)\n    at Array.forEach (<anonymous>)\n    at IyzipayConstructor._initResources (webpack-internal:///(rsc)/./lib/iyzipay.ts:48:19)\n    at new Iyzipay (webpack-internal:///(rsc)/./node_modules/iyzipay/lib/Iyzipay.js:25:10)\n    at getIyzipay (webpack-internal:///(rsc)/./lib/iyzipay.ts:89:27)\n    at initializePayment (webpack-internal:///(rsc)/./lib/iyzipay.ts:109:18)\n    at POST (webpack-internal:///(rsc)/./app/api/payment/initialize/route.ts:219:100)\n    at process.processTicksAndRejections (node:internal/process/task_queues:95:5)\n    at async AppRouteRouteModule.do (/Users/emre/Downloads/dippol 2/dippol/dipol_backend/node_modules/next/dist/compiled/next-server/app-route.runtime.dev.js:5:37866)\n    at async AppRouteRouteModule.handle (/Users/emre/Downloads/dippol 2/dippol/dipol_backend/node_modules/next/dist/compiled/next-server/app-route.runtime.dev.js:5:45156)\n    at async responseGenerator (webpack-internal:///(rsc)/./node_modules/next/dist/build/webpack/loaders/next-app-loader/index.js?name=app%2Fapi%2Fpayment%2Finitialize%2Froute&page=%2Fapi%2Fpayment%2Finitialize%2Froute&appPaths=&pagePath=private-next-app-dir%2Fapi%2Fpayment%2Finitialize%2Froute.ts&appDir=%2FUsers%2Femre%2FDownloads%2Fdippol%202%2Fdippol%2Fdipol_backend%2Fapp&pageExtensions=tsx&pageExtensions=ts&pageExtensions=jsx&pageExtensions=js&rootDir=%2FUsers%2Femre%2FDownloads%2Fdippol%202%2Fdippol%2Fdipol_backend&isDev=true&tsconfigPath=&basePath=&assetPrefix=&nextConfigOutput=&preferredRegion=&middlewareConfig=e30%3D&isGlobalNotFoundEnabled=!:230:38)\n    at async AppRouteRouteModule.handleResponse (/Users/emre/Downloads/dippol 2/dippol/dipol_backend/node_modules/next/dist/compiled/next-server/app-route.runtime.dev.js:1:187638)",
  "apiKeyLength": 32,
  "secretKeyLength": 32
}

--- SDK Initialization Attempt [2026-02-05T09:38:44.600Z] ---
{
  "apiKey": "EXISTS",
  "secretKey": "EXISTS",
  "uri": "https://sandbox-api.iyzipay.com"
}

--- Patching Failed [2026-02-05T09:38:44.607Z] ---
{
  "error": "Cannot find module 'aws4'\nRequire stack:\n- /Users/emre/Downloads/dippol 2/dippol/dipol_backend/node_modules/postman-request/request.js\n- /Users/emre/Downloads/dippol 2/dippol/dipol_backend/node_modules/postman-request/index.js\n- /Users/emre/Downloads/dippol 2/dippol/dipol_backend/node_modules/iyzipay/lib/IyzipayResource.js\n- /Users/emre/Downloads/dippol 2/dippol/dipol_backend/node_modules/iyzipay/lib/resources/ApiTest.js\n- /Users/emre/Downloads/dippol 2/dippol/dipol_backend/.next/dev/server/app/api/payment/initialize/route.js\n- /Users/emre/Downloads/dippol 2/dippol/dipol_backend/node_modules/next/dist/server/require.js\n- /Users/emre/Downloads/dippol 2/dippol/dipol_backend/node_modules/next/dist/server/load-components.js\n- /Users/emre/Downloads/dippol 2/dippol/dipol_backend/node_modules/next/dist/build/utils.js\n- /Users/emre/Downloads/dippol 2/dippol/dipol_backend/node_modules/next/dist/build/swc/options.js\n- /Users/emre/Downloads/dippol 2/dippol/dipol_backend/node_modules/next/dist/build/swc/index.js\n- /Users/emre/Downloads/dippol 2/dippol/dipol_backend/node_modules/next/dist/build/next-config-ts/transpile-config.js\n- /Users/emre/Downloads/dippol 2/dippol/dipol_backend/node_modules/next/dist/server/config.js\n- /Users/emre/Downloads/dippol 2/dippol/dipol_backend/node_modules/next/dist/server/next.js\n- /Users/emre/Downloads/dippol 2/dippol/dipol_backend/node_modules/next/dist/server/lib/start-server.js",
  "path": "/Users/emre/Downloads/dippol 2/dippol/dipol_backend/node_modules/iyzipay/lib/resources"
}

--- SDK Initialization ERROR [2026-02-05T09:38:44.670Z] ---
{
  "message": "Cannot find module 'aws4'\nRequire stack:\n- /Users/emre/Downloads/dippol 2/dippol/dipol_backend/node_modules/postman-request/request.js\n- /Users/emre/Downloads/dippol 2/dippol/dipol_backend/node_modules/postman-request/index.js\n- /Users/emre/Downloads/dippol 2/dippol/dipol_backend/node_modules/iyzipay/lib/IyzipayResource.js\n- /Users/emre/Downloads/dippol 2/dippol/dipol_backend/node_modules/iyzipay/lib/resources/ApiTest.js\n- /Users/emre/Downloads/dippol 2/dippol/dipol_backend/.next/dev/server/app/api/payment/initialize/route.js\n- /Users/emre/Downloads/dippol 2/dippol/dipol_backend/node_modules/next/dist/server/require.js\n- /Users/emre/Downloads/dippol 2/dippol/dipol_backend/node_modules/next/dist/server/load-components.js\n- /Users/emre/Downloads/dippol 2/dippol/dipol_backend/node_modules/next/dist/build/utils.js\n- /Users/emre/Downloads/dippol 2/dippol/dipol_backend/node_modules/next/dist/build/swc/options.js\n- /Users/emre/Downloads/dippol 2/dippol/dipol_backend/node_modules/next/dist/build/swc/index.js\n- /Users/emre/Downloads/dippol 2/dippol/dipol_backend/node_modules/next/dist/build/next-config-ts/transpile-config.js\n- /Users/emre/Downloads/dippol 2/dippol/dipol_backend/node_modules/next/dist/server/config.js\n- /Users/emre/Downloads/dippol 2/dippol/dipol_backend/node_modules/next/dist/server/next.js\n- /Users/emre/Downloads/dippol 2/dippol/dipol_backend/node_modules/next/dist/server/lib/start-server.js",
  "stack": "Error: Cannot find module 'aws4'\nRequire stack:\n- /Users/emre/Downloads/dippol 2/dippol/dipol_backend/node_modules/postman-request/request.js\n- /Users/emre/Downloads/dippol 2/dippol/dipol_backend/node_modules/postman-request/index.js\n- /Users/emre/Downloads/dippol 2/dippol/dipol_backend/node_modules/iyzipay/lib/IyzipayResource.js\n- /Users/emre/Downloads/dippol 2/dippol/dipol_backend/node_modules/iyzipay/lib/resources/ApiTest.js\n- /Users/emre/Downloads/dippol 2/dippol/dipol_backend/.next/dev/server/app/api/payment/initialize/route.js\n- /Users/emre/Downloads/dippol 2/dippol/dipol_backend/node_modules/next/dist/server/require.js\n- /Users/emre/Downloads/dippol 2/dippol/dipol_backend/node_modules/next/dist/server/load-components.js\n- /Users/emre/Downloads/dippol 2/dippol/dipol_backend/node_modules/next/dist/build/utils.js\n- /Users/emre/Downloads/dippol 2/dippol/dipol_backend/node_modules/next/dist/build/swc/options.js\n- /Users/emre/Downloads/dippol 2/dippol/dipol_backend/node_modules/next/dist/build/swc/index.js\n- /Users/emre/Downloads/dippol 2/dippol/dipol_backend/node_modules/next/dist/build/next-config-ts/transpile-config.js\n- /Users/emre/Downloads/dippol 2/dippol/dipol_backend/node_modules/next/dist/server/config.js\n- /Users/emre/Downloads/dippol 2/dippol/dipol_backend/node_modules/next/dist/server/next.js\n- /Users/emre/Downloads/dippol 2/dippol/dipol_backend/node_modules/next/dist/server/lib/start-server.js\n    at Module._resolveFilename (node:internal/modules/cjs/loader:1225:15)\n    at /Users/emre/Downloads/dippol 2/dippol/dipol_backend/node_modules/next/dist/server/require-hook.js:57:36\n    at Module._load (node:internal/modules/cjs/loader:1051:27)\n    at Module.require (node:internal/modules/cjs/loader:1311:19)\n    at mod.require (/Users/emre/Downloads/dippol 2/dippol/dipol_backend/node_modules/next/dist/server/require-hook.js:68:28)\n    at require (node:internal/modules/helpers:179:18)\n    at Object.<anonymous> (/Users/emre/Downloads/dippol 2/dippol/dipol_backend/node_modules/postman-request/request.js:15:12)\n    at Module._compile (node:internal/modules/cjs/loader:1469:14)\n    at Module._extensions..js (node:internal/modules/cjs/loader:1548:10)\n    at Module.load (node:internal/modules/cjs/loader:1288:32)\n    at Module._load (node:internal/modules/cjs/loader:1104:12)\n    at Module.require (node:internal/modules/cjs/loader:1311:19)\n    at mod.require (/Users/emre/Downloads/dippol 2/dippol/dipol_backend/node_modules/next/dist/server/require-hook.js:68:28)\n    at require (node:internal/modules/helpers:179:18)\n    at Object.<anonymous> (/Users/emre/Downloads/dippol 2/dippol/dipol_backend/node_modules/postman-request/index.js:154:19)\n    at Module._compile (node:internal/modules/cjs/loader:1469:14)\n    at Module._extensions..js (node:internal/modules/cjs/loader:1548:10)\n    at Module.load (node:internal/modules/cjs/loader:1288:32)\n    at Module._load (node:internal/modules/cjs/loader:1104:12)\n    at Module.require (node:internal/modules/cjs/loader:1311:19)\n    at mod.require (/Users/emre/Downloads/dippol 2/dippol/dipol_backend/node_modules/next/dist/server/require-hook.js:68:28)\n    at require (node:internal/modules/helpers:179:18)\n    at Object.<anonymous> (/Users/emre/Downloads/dippol 2/dippol/dipol_backend/node_modules/iyzipay/lib/IyzipayResource.js:3:17)\n    at Module._compile (node:internal/modules/cjs/loader:1469:14)\n    at Module._extensions..js (node:internal/modules/cjs/loader:1548:10)\n    at Module.load (node:internal/modules/cjs/loader:1288:32)\n    at Module._load (node:internal/modules/cjs/loader:1104:12)\n    at Module.require (node:internal/modules/cjs/loader:1311:19)\n    at mod.require (/Users/emre/Downloads/dippol 2/dippol/dipol_backend/node_modules/next/dist/server/require-hook.js:68:28)\n    at require (node:internal/modules/helpers:179:18)\n    at Object.<anonymous> (/Users/emre/Downloads/dippol 2/dippol/dipol_backend/node_modules/iyzipay/lib/resources/ApiTest.js:3:23)\n    at Module._compile (node:internal/modules/cjs/loader:1469:14)\n    at Module._extensions..js (node:internal/modules/cjs/loader:1548:10)\n    at Module.load (node:internal/modules/cjs/loader:1288:32)\n    at Module._load (node:internal/modules/cjs/loader:1104:12)\n    at Module.require (node:internal/modules/cjs/loader:1311:19)\n    at mod.require (/Users/emre/Downloads/dippol 2/dippol/dipol_backend/node_modules/next/dist/server/require-hook.js:68:28)\n    at require (node:internal/modules/helpers:179:18)\n    at eval (webpack-internal:///(rsc)/./lib/iyzipay.ts:52:38)\n    at Array.forEach (<anonymous>)\n    at IyzipayConstructor._initResources (webpack-internal:///(rsc)/./lib/iyzipay.ts:48:19)\n    at new Iyzipay (webpack-internal:///(rsc)/./node_modules/iyzipay/lib/Iyzipay.js:25:10)\n    at getIyzipay (webpack-internal:///(rsc)/./lib/iyzipay.ts:89:27)\n    at initializePayment (webpack-internal:///(rsc)/./lib/iyzipay.ts:109:18)\n    at POST (webpack-internal:///(rsc)/./app/api/payment/initialize/route.ts:219:100)\n    at process.processTicksAndRejections (node:internal/process/task_queues:95:5)\n    at async AppRouteRouteModule.do (/Users/emre/Downloads/dippol 2/dippol/dipol_backend/node_modules/next/dist/compiled/next-server/app-route.runtime.dev.js:5:37866)\n    at async AppRouteRouteModule.handle (/Users/emre/Downloads/dippol 2/dippol/dipol_backend/node_modules/next/dist/compiled/next-server/app-route.runtime.dev.js:5:45156)\n    at async responseGenerator (webpack-internal:///(rsc)/./node_modules/next/dist/build/webpack/loaders/next-app-loader/index.js?name=app%2Fapi%2Fpayment%2Finitialize%2Froute&page=%2Fapi%2Fpayment%2Finitialize%2Froute&appPaths=&pagePath=private-next-app-dir%2Fapi%2Fpayment%2Finitialize%2Froute.ts&appDir=%2FUsers%2Femre%2FDownloads%2Fdippol%202%2Fdippol%2Fdipol_backend%2Fapp&pageExtensions=tsx&pageExtensions=ts&pageExtensions=jsx&pageExtensions=js&rootDir=%2FUsers%2Femre%2FDownloads%2Fdippol%202%2Fdippol%2Fdipol_backend&isDev=true&tsconfigPath=&basePath=&assetPrefix=&nextConfigOutput=&preferredRegion=&middlewareConfig=e30%3D&isGlobalNotFoundEnabled=!:230:38)\n    at async AppRouteRouteModule.handleResponse (/Users/emre/Downloads/dippol 2/dippol/dipol_backend/node_modules/next/dist/compiled/next-server/app-route.runtime.dev.js:1:187638)",
  "apiKeyLength": 32,
  "secretKeyLength": 32
}

--- SDK Initialization Attempt [2026-02-05T09:39:35.124Z] ---
{
  "apiKey": "EXISTS",
  "secretKey": "EXISTS",
  "uri": "https://sandbox-api.iyzipay.com"
}

--- Patching Iyzipay SDK [2026-02-05T09:39:35.124Z] ---
Applying absolute path patch for resources with eval(require)

--- Patching Failed [2026-02-05T09:39:35.128Z] ---
{
  "error": "Cannot find module 'aws4'\nRequire stack:\n- /Users/emre/Downloads/dippol 2/dippol/dipol_backend/node_modules/postman-request/request.js\n- /Users/emre/Downloads/dippol 2/dippol/dipol_backend/node_modules/postman-request/index.js\n- /Users/emre/Downloads/dippol 2/dippol/dipol_backend/node_modules/iyzipay/lib/IyzipayResource.js\n- /Users/emre/Downloads/dippol 2/dippol/dipol_backend/node_modules/iyzipay/lib/resources/ApiTest.js\n- /Users/emre/Downloads/dippol 2/dippol/dipol_backend/.next/dev/server/app/api/payment/initialize/route.js\n- /Users/emre/Downloads/dippol 2/dippol/dipol_backend/node_modules/next/dist/server/require.js\n- /Users/emre/Downloads/dippol 2/dippol/dipol_backend/node_modules/next/dist/server/load-components.js\n- /Users/emre/Downloads/dippol 2/dippol/dipol_backend/node_modules/next/dist/build/utils.js\n- /Users/emre/Downloads/dippol 2/dippol/dipol_backend/node_modules/next/dist/build/swc/options.js\n- /Users/emre/Downloads/dippol 2/dippol/dipol_backend/node_modules/next/dist/build/swc/index.js\n- /Users/emre/Downloads/dippol 2/dippol/dipol_backend/node_modules/next/dist/build/next-config-ts/transpile-config.js\n- /Users/emre/Downloads/dippol 2/dippol/dipol_backend/node_modules/next/dist/server/config.js\n- /Users/emre/Downloads/dippol 2/dippol/dipol_backend/node_modules/next/dist/server/next.js\n- /Users/emre/Downloads/dippol 2/dippol/dipol_backend/node_modules/next/dist/server/lib/start-server.js",
  "path": "/Users/emre/Downloads/dippol 2/dippol/dipol_backend/node_modules/iyzipay/lib/resources"
}

--- SDK Initialization ERROR [2026-02-05T09:39:35.193Z] ---
{
  "message": "Cannot find module 'aws4'\nRequire stack:\n- /Users/emre/Downloads/dippol 2/dippol/dipol_backend/node_modules/postman-request/request.js\n- /Users/emre/Downloads/dippol 2/dippol/dipol_backend/node_modules/postman-request/index.js\n- /Users/emre/Downloads/dippol 2/dippol/dipol_backend/node_modules/iyzipay/lib/IyzipayResource.js\n- /Users/emre/Downloads/dippol 2/dippol/dipol_backend/node_modules/iyzipay/lib/resources/ApiTest.js\n- /Users/emre/Downloads/dippol 2/dippol/dipol_backend/.next/dev/server/app/api/payment/initialize/route.js\n- /Users/emre/Downloads/dippol 2/dippol/dipol_backend/node_modules/next/dist/server/require.js\n- /Users/emre/Downloads/dippol 2/dippol/dipol_backend/node_modules/next/dist/server/load-components.js\n- /Users/emre/Downloads/dippol 2/dippol/dipol_backend/node_modules/next/dist/build/utils.js\n- /Users/emre/Downloads/dippol 2/dippol/dipol_backend/node_modules/next/dist/build/swc/options.js\n- /Users/emre/Downloads/dippol 2/dippol/dipol_backend/node_modules/next/dist/build/swc/index.js\n- /Users/emre/Downloads/dippol 2/dippol/dipol_backend/node_modules/next/dist/build/next-config-ts/transpile-config.js\n- /Users/emre/Downloads/dippol 2/dippol/dipol_backend/node_modules/next/dist/server/config.js\n- /Users/emre/Downloads/dippol 2/dippol/dipol_backend/node_modules/next/dist/server/next.js\n- /Users/emre/Downloads/dippol 2/dippol/dipol_backend/node_modules/next/dist/server/lib/start-server.js",
  "stack": "Error: Cannot find module 'aws4'\nRequire stack:\n- /Users/emre/Downloads/dippol 2/dippol/dipol_backend/node_modules/postman-request/request.js\n- /Users/emre/Downloads/dippol 2/dippol/dipol_backend/node_modules/postman-request/index.js\n- /Users/emre/Downloads/dippol 2/dippol/dipol_backend/node_modules/iyzipay/lib/IyzipayResource.js\n- /Users/emre/Downloads/dippol 2/dippol/dipol_backend/node_modules/iyzipay/lib/resources/ApiTest.js\n- /Users/emre/Downloads/dippol 2/dippol/dipol_backend/.next/dev/server/app/api/payment/initialize/route.js\n- /Users/emre/Downloads/dippol 2/dippol/dipol_backend/node_modules/next/dist/server/require.js\n- /Users/emre/Downloads/dippol 2/dippol/dipol_backend/node_modules/next/dist/server/load-components.js\n- /Users/emre/Downloads/dippol 2/dippol/dipol_backend/node_modules/next/dist/build/utils.js\n- /Users/emre/Downloads/dippol 2/dippol/dipol_backend/node_modules/next/dist/build/swc/options.js\n- /Users/emre/Downloads/dippol 2/dippol/dipol_backend/node_modules/next/dist/build/swc/index.js\n- /Users/emre/Downloads/dippol 2/dippol/dipol_backend/node_modules/next/dist/build/next-config-ts/transpile-config.js\n- /Users/emre/Downloads/dippol 2/dippol/dipol_backend/node_modules/next/dist/server/config.js\n- /Users/emre/Downloads/dippol 2/dippol/dipol_backend/node_modules/next/dist/server/next.js\n- /Users/emre/Downloads/dippol 2/dippol/dipol_backend/node_modules/next/dist/server/lib/start-server.js\n    at Module._resolveFilename (node:internal/modules/cjs/loader:1225:15)\n    at /Users/emre/Downloads/dippol 2/dippol/dipol_backend/node_modules/next/dist/server/require-hook.js:57:36\n    at Module._load (node:internal/modules/cjs/loader:1051:27)\n    at Module.require (node:internal/modules/cjs/loader:1311:19)\n    at mod.require (/Users/emre/Downloads/dippol 2/dippol/dipol_backend/node_modules/next/dist/server/require-hook.js:68:28)\n    at require (node:internal/modules/helpers:179:18)\n    at Object.<anonymous> (/Users/emre/Downloads/dippol 2/dippol/dipol_backend/node_modules/postman-request/request.js:15:12)\n    at Module._compile (node:internal/modules/cjs/loader:1469:14)\n    at Module._extensions..js (node:internal/modules/cjs/loader:1548:10)\n    at Module.load (node:internal/modules/cjs/loader:1288:32)\n    at Module._load (node:internal/modules/cjs/loader:1104:12)\n    at Module.require (node:internal/modules/cjs/loader:1311:19)\n    at mod.require (/Users/emre/Downloads/dippol 2/dippol/dipol_backend/node_modules/next/dist/server/require-hook.js:68:28)\n    at require (node:internal/modules/helpers:179:18)\n    at Object.<anonymous> (/Users/emre/Downloads/dippol 2/dippol/dipol_backend/node_modules/postman-request/index.js:154:19)\n    at Module._compile (node:internal/modules/cjs/loader:1469:14)\n    at Module._extensions..js (node:internal/modules/cjs/loader:1548:10)\n    at Module.load (node:internal/modules/cjs/loader:1288:32)\n    at Module._load (node:internal/modules/cjs/loader:1104:12)\n    at Module.require (node:internal/modules/cjs/loader:1311:19)\n    at mod.require (/Users/emre/Downloads/dippol 2/dippol/dipol_backend/node_modules/next/dist/server/require-hook.js:68:28)\n    at require (node:internal/modules/helpers:179:18)\n    at Object.<anonymous> (/Users/emre/Downloads/dippol 2/dippol/dipol_backend/node_modules/iyzipay/lib/IyzipayResource.js:3:17)\n    at Module._compile (node:internal/modules/cjs/loader:1469:14)\n    at Module._extensions..js (node:internal/modules/cjs/loader:1548:10)\n    at Module.load (node:internal/modules/cjs/loader:1288:32)\n    at Module._load (node:internal/modules/cjs/loader:1104:12)\n    at Module.require (node:internal/modules/cjs/loader:1311:19)\n    at mod.require (/Users/emre/Downloads/dippol 2/dippol/dipol_backend/node_modules/next/dist/server/require-hook.js:68:28)\n    at require (node:internal/modules/helpers:179:18)\n    at Object.<anonymous> (/Users/emre/Downloads/dippol 2/dippol/dipol_backend/node_modules/iyzipay/lib/resources/ApiTest.js:3:23)\n    at Module._compile (node:internal/modules/cjs/loader:1469:14)\n    at Module._extensions..js (node:internal/modules/cjs/loader:1548:10)\n    at Module.load (node:internal/modules/cjs/loader:1288:32)\n    at Module._load (node:internal/modules/cjs/loader:1104:12)\n    at Module.require (node:internal/modules/cjs/loader:1311:19)\n    at mod.require (/Users/emre/Downloads/dippol 2/dippol/dipol_backend/node_modules/next/dist/server/require-hook.js:68:28)\n    at require (node:internal/modules/helpers:179:18)\n    at eval (webpack-internal:///(rsc)/./lib/iyzipay.ts:52:38)\n    at Array.forEach (<anonymous>)\n    at IyzipayConstructor._initResources (webpack-internal:///(rsc)/./lib/iyzipay.ts:48:19)\n    at new Iyzipay (webpack-internal:///(rsc)/./node_modules/iyzipay/lib/Iyzipay.js:25:10)\n    at getIyzipay (webpack-internal:///(rsc)/./lib/iyzipay.ts:89:27)\n    at initializePayment (webpack-internal:///(rsc)/./lib/iyzipay.ts:109:18)\n    at POST (webpack-internal:///(rsc)/./app/api/payment/initialize/route.ts:219:100)\n    at process.processTicksAndRejections (node:internal/process/task_queues:95:5)\n    at async AppRouteRouteModule.do (/Users/emre/Downloads/dippol 2/dippol/dipol_backend/node_modules/next/dist/compiled/next-server/app-route.runtime.dev.js:5:37866)\n    at async AppRouteRouteModule.handle (/Users/emre/Downloads/dippol 2/dippol/dipol_backend/node_modules/next/dist/compiled/next-server/app-route.runtime.dev.js:5:45156)\n    at async responseGenerator (webpack-internal:///(rsc)/./node_modules/next/dist/build/webpack/loaders/next-app-loader/index.js?name=app%2Fapi%2Fpayment%2Finitialize%2Froute&page=%2Fapi%2Fpayment%2Finitialize%2Froute&appPaths=&pagePath=private-next-app-dir%2Fapi%2Fpayment%2Finitialize%2Froute.ts&appDir=%2FUsers%2Femre%2FDownloads%2Fdippol%202%2Fdippol%2Fdipol_backend%2Fapp&pageExtensions=tsx&pageExtensions=ts&pageExtensions=jsx&pageExtensions=js&rootDir=%2FUsers%2Femre%2FDownloads%2Fdippol%202%2Fdippol%2Fdipol_backend&isDev=true&tsconfigPath=&basePath=&assetPrefix=&nextConfigOutput=&preferredRegion=&middlewareConfig=e30%3D&isGlobalNotFoundEnabled=!:230:38)\n    at async AppRouteRouteModule.handleResponse (/Users/emre/Downloads/dippol 2/dippol/dipol_backend/node_modules/next/dist/compiled/next-server/app-route.runtime.dev.js:1:187638)",
  "apiKeyLength": 32,
  "secretKeyLength": 32
}
